[2025-06-01T01:50:00.000Z] INFO  frontend        GET /dashboard 200 34ms user_id=u916
[2025-06-01T01:50:10.000Z] INFO  frontend        GET /api/orders 200 45ms user_id=u815
[2025-06-01T01:50:30.000Z] INFO  frontend        GET /dashboard 200 34ms user_id=u602
[2025-06-01T01:50:40.000Z] INFO  frontend        GET /api/orders 200 45ms user_id=u965
[2025-06-01T01:51:00.000Z] INFO  frontend        GET /dashboard 200 34ms user_id=u670
[2025-06-01T01:51:10.000Z] INFO  frontend        GET /api/orders 200 45ms user_id=u852
[2025-06-01T01:51:30.000Z] INFO  frontend        GET /dashboard 200 34ms user_id=u298
[2025-06-01T01:51:40.000Z] INFO  frontend        GET /api/orders 200 45ms user_id=u638
[2025-06-01T01:52:00.000Z] INFO  frontend        GET /dashboard 200 34ms user_id=u491
[2025-06-01T01:52:10.000Z] INFO  frontend        GET /api/orders 200 45ms user_id=u268
[2025-06-01T01:52:30.000Z] INFO  frontend        GET /dashboard 200 34ms user_id=u736
[2025-06-01T01:52:40.000Z] INFO  frontend        GET /api/orders 200 45ms user_id=u301
[2025-06-01T01:53:00.000Z] INFO  frontend        GET /dashboard 200 34ms user_id=u346
[2025-06-01T01:53:10.000Z] INFO  frontend        GET /api/orders 200 45ms user_id=u318
[2025-06-01T01:53:30.000Z] INFO  frontend        GET /dashboard 200 34ms user_id=u607
[2025-06-01T01:53:40.000Z] INFO  frontend        GET /api/orders 200 45ms user_id=u932
[2025-06-01T01:54:00.000Z] INFO  frontend        GET /dashboard 200 34ms user_id=u694
[2025-06-01T01:54:10.000Z] INFO  frontend        GET /api/orders 200 45ms user_id=u263
[2025-06-01T01:54:30.000Z] INFO  frontend        GET /dashboard 200 34ms user_id=u336
[2025-06-01T01:54:40.000Z] INFO  frontend        GET /api/orders 200 45ms user_id=u975
[2025-06-01T01:55:00.000Z] INFO  frontend        GET /dashboard 200 34ms user_id=u621
[2025-06-01T01:55:10.000Z] INFO  frontend        GET /api/orders 200 45ms user_id=u394
[2025-06-01T01:55:30.000Z] INFO  frontend        GET /dashboard 200 34ms user_id=u240
[2025-06-01T01:55:40.000Z] INFO  frontend        GET /api/orders 200 45ms user_id=u913
[2025-06-01T01:56:00.000Z] INFO  frontend        GET /dashboard 200 34ms user_id=u424
[2025-06-01T01:56:10.000Z] INFO  frontend        GET /api/orders 200 45ms user_id=u285
[2025-06-01T01:56:30.000Z] INFO  frontend        GET /dashboard 200 34ms user_id=u700
[2025-06-01T01:56:40.000Z] INFO  frontend        GET /api/orders 200 45ms user_id=u545
[2025-06-01T01:57:00.000Z] INFO  frontend        GET /dashboard 200 34ms user_id=u923
[2025-06-01T01:57:10.000Z] INFO  frontend        GET /api/orders 200 45ms user_id=u914
[2025-06-01T01:57:30.000Z] INFO  frontend        GET /dashboard 200 34ms user_id=u464
[2025-06-01T01:57:40.000Z] INFO  frontend        GET /api/orders 200 45ms user_id=u188
[2025-06-01T01:58:00.000Z] INFO  frontend        GET /dashboard 200 34ms user_id=u596
[2025-06-01T01:58:10.000Z] INFO  frontend        GET /api/orders 200 45ms user_id=u948
[2025-06-01T01:58:30.000Z] INFO  frontend        GET /dashboard 200 34ms user_id=u313
[2025-06-01T01:58:40.000Z] INFO  frontend        GET /api/orders 200 45ms user_id=u854
[2025-06-01T01:59:00.000Z] INFO  frontend        GET /dashboard 200 34ms user_id=u444
[2025-06-01T01:59:10.000Z] INFO  frontend        GET /api/orders 200 45ms user_id=u281
[2025-06-01T01:59:30.000Z] INFO  frontend        GET /dashboard 200 34ms user_id=u302
[2025-06-01T01:59:40.000Z] INFO  frontend        GET /api/orders 200 45ms user_id=u926
[2025-06-01T02:00:00.000Z]  WARN  frontend        POST /checkout 502 Bad Gateway — upstream timeout user_id=u882
[2025-06-01T02:00:15.000Z] ERROR frontend        POST /checkout 502 Bad Gateway — upstream timeout user_id=u441
[2025-06-01T02:00:20.000Z] ERROR frontend        POST /checkout 502 Bad Gateway — upstream timeout user_id=u237
[2025-06-01T02:00:30.000Z] ERROR frontend        POST /checkout 504 Gateway Timeout user_id=u991
[2025-06-01T02:00:45.000Z] ERROR frontend        POST /checkout 504 Gateway Timeout user_id=u102
[2025-06-01T02:01:00.000Z]  WARN  frontend        Retry attempt 1/3 for POST /checkout user_id=u882
[2025-06-01T02:01:30.000Z] ERROR frontend        Retry attempt 3/3 FAILED for POST /checkout — giving up user_id=u882
[2025-06-01T02:01:35.000Z]  WARN  frontend        Error rate spike detected: 78% of /checkout requests failing
[2025-06-01T02:01:40.000Z] ERROR frontend        POST /checkout 502 Bad Gateway user_id=u764
[2025-06-01T02:02:00.000Z] ERROR frontend        POST /checkout 502 Bad Gateway user_id=u570
[2025-06-01T02:02:20.000Z] ERROR frontend        POST /checkout 502 Bad Gateway user_id=u672
[2025-06-01T02:02:40.000Z] ERROR frontend        POST /checkout 502 Bad Gateway user_id=u560
[2025-06-01T02:03:00.000Z] ERROR frontend        POST /checkout 502 Bad Gateway user_id=u915
