[2025-06-01T01:50:00.000Z] INFO  payment-service Processed payment txn_id=txn_96309 amount=£13.05 status=SUCCESS
[2025-06-01T01:51:00.000Z] INFO  payment-service Processed payment txn_id=txn_16067 amount=£40.45 status=SUCCESS
[2025-06-01T01:52:00.000Z] INFO  payment-service Processed payment txn_id=txn_23937 amount=£444.52 status=SUCCESS
[2025-06-01T01:53:00.000Z] INFO  payment-service Processed payment txn_id=txn_15661 amount=£124.37 status=SUCCESS
[2025-06-01T01:54:00.000Z] INFO  payment-service Processed payment txn_id=txn_15029 amount=£236.50 status=SUCCESS
[2025-06-01T01:55:00.000Z] INFO  payment-service Processed payment txn_id=txn_11952 amount=£179.27 status=SUCCESS
[2025-06-01T01:56:00.000Z] INFO  payment-service Processed payment txn_id=txn_49439 amount=£41.99 status=SUCCESS
[2025-06-01T01:57:00.000Z] INFO  payment-service Processed payment txn_id=txn_10578 amount=£194.82 status=SUCCESS
[2025-06-01T01:58:00.000Z] INFO  payment-service Processed payment txn_id=txn_54741 amount=£494.27 status=SUCCESS
[2025-06-01T01:59:00.000Z] INFO  payment-service Processed payment txn_id=txn_51820 amount=£113.47 status=SUCCESS
[2025-06-01T01:59:00.000Z]  WARN  payment-service DB connection pool usage high: 18/20 connections in use
[2025-06-01T01:59:10.000Z]  WARN  payment-service DB connection pool usage critical: 20/20 connections in use
[2025-06-01T01:59:20.000Z] ERROR payment-service Failed to acquire DB connection — pool exhausted (timeout=3000ms)
[2025-06-01T01:59:21.000Z] ERROR payment-service Failed to acquire DB connection — pool exhausted (timeout=3000ms)
[2025-06-01T01:59:22.000Z] ERROR payment-service Failed to acquire DB connection — pool exhausted (timeout=3000ms)
[2025-06-01T01:59:23.000Z] ERROR payment-service com.zaxxer.hikari.pool.HikariPool - Connection is not available, request timed out after 3000ms
[2025-06-01T01:59:25.000Z] ERROR payment-service Transaction FAILED txn_id=txn_83821 — could not open DB session
[2025-06-01T01:59:30.000Z] ERROR payment-service Transaction FAILED txn_id=txn_83822 — could not open DB session
[2025-06-01T01:59:35.000Z] ERROR payment-service Transaction FAILED txn_id=txn_83823 — could not open DB session
[2025-06-01T01:59:40.000Z] FATAL payment-service Unhandled exception: NullPointerException at PaymentProcessor.java:142
[2025-06-01T01:59:41.000Z] FATAL payment-service   at DBConnectionManager.getConnection(DBConnectionManager.java:87)
[2025-06-01T01:59:42.000Z] FATAL payment-service   at PaymentProcessor.processTransaction(PaymentProcessor.java:142)
[2025-06-01T01:59:43.000Z] FATAL payment-service   at CheckoutController.handleRequest(CheckoutController.java:56)
[2025-06-01T01:59:50.000Z] FATAL payment-service Service health degraded — 100% of last 10 transactions failed
[2025-06-01T01:59:55.000Z]  WARN  payment-service Attempting DB connection pool reset...
[2025-06-01T02:01:00.000Z] ERROR payment-service DB connection pool reset FAILED — DB host still unreachable
